

Processing Rails::InfoController#properties (for 127.0.0.1 at 2009-06-13 11:59:44) [GET]
  [4;36;1mSQL (0.6ms)[0m   [0;1m SELECT name
 FROM sqlite_master
 WHERE type = 'table' AND NOT name = 'sqlite_sequence'
[0m
Completed in 107ms (View: 14, DB: 1) | 200 OK [http://localhost/rails/info/properties]
  [4;36;1mSQL (0.3ms)[0m   [0;1m SELECT name
 FROM sqlite_master
 WHERE type = 'table' AND NOT name = 'sqlite_sequence'
[0m
  [4;35;1mSQL (0.1ms)[0m   [0mselect sqlite_version(*)[0m
  [4;36;1mSQL (3.5ms)[0m   [0;1mCREATE TABLE "schema_migrations" ("version" varchar(255) NOT NULL) [0m
  [4;35;1mSQL (2.6ms)[0m   [0mCREATE UNIQUE INDEX "unique_schema_migrations" ON "schema_migrations" ("version")[0m
  [4;36;1mSQL (0.4ms)[0m   [0;1m SELECT name
 FROM sqlite_master
 WHERE type = 'table' AND NOT name = 'sqlite_sequence'
[0m
  [4;35;1mSQL (0.2ms)[0m   [0mSELECT version FROM schema_migrations[0m
Migrating to CreateTopics (20090613204157)
  [4;36;1mSQL (1.0ms)[0m   [0;1mCREATE TABLE "topics" ("id" INTEGER PRIMARY KEY AUTOINCREMENT NOT NULL, "title" varchar(255), "description" text, "created_at" datetime, "updated_at" datetime) [0m
  [4;35;1mSQL (0.2ms)[0m   [0mINSERT INTO schema_migrations (version) VALUES ('20090613204157')[0m
  [4;36;1mSQL (0.4ms)[0m   [0;1m SELECT name
 FROM sqlite_master
 WHERE type = 'table' AND NOT name = 'sqlite_sequence'
[0m
  [4;35;1mSQL (0.3ms)[0m   [0mSELECT version FROM schema_migrations[0m
  [4;36;1mSQL (0.3ms)[0m   [0;1m SELECT name
 FROM sqlite_master
 WHERE type = 'table' AND NOT name = 'sqlite_sequence'
[0m
  [4;35;1mSQL (0.0ms)[0m   [0mPRAGMA index_list("topics")[0m


Processing TopicsController#index (for 127.0.0.1 at 2009-06-13 13:53:19) [GET]
  [4;36;1mTopic Load (0.4ms)[0m   [0;1mSELECT * FROM "topics" [0m
Rendering template within layouts/topics
Rendering topics/index
Completed in 44ms (View: 40, DB: 0) | 200 OK [http://localhost/topics]


Processing TopicsController#new (for 127.0.0.1 at 2009-06-13 13:53:21) [GET]
Rendering template within layouts/topics
Rendering topics/new
Completed in 12ms (View: 8, DB: 0) | 200 OK [http://localhost/topics/new]


Processing TopicsController#create (for 127.0.0.1 at 2009-06-13 13:53:28) [POST]
  Parameters: {"commit"=>"Create", "authenticity_token"=>"n7FdbNVOAqe05ruJw2U1EvUaJwlg73xBJMi9o+fItAc=", "topic"=>{"title"=>"Test topic1", "description"=>"blah blah blah"}}
  [4;35;1mTopic Create (45.0ms)[0m   [0mINSERT INTO "topics" ("updated_at", "title", "description", "created_at") VALUES('2009-06-13 20:53:28', 'Test topic1', 'blah blah blah', '2009-06-13 20:53:28')[0m
Redirected to http://localhost:3000/topics/1
Completed in 133ms (DB: 45) | 302 Found [http://localhost/topics]


Processing TopicsController#show (for 127.0.0.1 at 2009-06-13 13:53:29) [GET]
  Parameters: {"id"=>"1"}
  [4;36;1mTopic Load (0.2ms)[0m   [0;1mSELECT * FROM "topics" WHERE ("topics"."id" = 1) [0m
Rendering template within layouts/topics
Rendering topics/show
Completed in 11ms (View: 5, DB: 0) | 200 OK [http://localhost/topics/1]


Processing TopicsController#edit (for 127.0.0.1 at 2009-06-13 13:53:36) [GET]
  Parameters: {"id"=>"1"}
  [4;35;1mTopic Load (0.2ms)[0m   [0mSELECT * FROM "topics" WHERE ("topics"."id" = 1) [0m
Rendering template within layouts/topics
Rendering topics/edit
Completed in 12ms (View: 7, DB: 0) | 200 OK [http://localhost/topics/1/edit]


Processing TopicsController#update (for 127.0.0.1 at 2009-06-13 13:53:39) [PUT]
  Parameters: {"commit"=>"Update", "authenticity_token"=>"n7FdbNVOAqe05ruJw2U1EvUaJwlg73xBJMi9o+fItAc=", "topic"=>{"title"=>"Test topic1", "description"=>"blah blah ah"}, "id"=>"1"}
  [4;36;1mTopic Load (0.2ms)[0m   [0;1mSELECT * FROM "topics" WHERE ("topics"."id" = 1) [0m
  [4;35;1mTopic Update (0.4ms)[0m   [0mUPDATE "topics" SET "description" = 'blah blah ah', "updated_at" = '2009-06-13 20:53:39' WHERE "id" = 1[0m
Redirected to http://localhost:3000/topics/1
Completed in 13ms (DB: 1) | 302 Found [http://localhost/topics/1]


Processing TopicsController#show (for 127.0.0.1 at 2009-06-13 13:53:39) [GET]
  Parameters: {"id"=>"1"}
  [4;36;1mTopic Load (0.2ms)[0m   [0;1mSELECT * FROM "topics" WHERE ("topics"."id" = 1) [0m
Rendering template within layouts/topics
Rendering topics/show
Completed in 8ms (View: 2, DB: 0) | 200 OK [http://localhost/topics/1]


Processing TopicsController#index (for 127.0.0.1 at 2009-06-13 13:53:41) [GET]
  [4;35;1mTopic Load (0.5ms)[0m   [0mSELECT * FROM "topics" [0m
Rendering template within layouts/topics
Rendering topics/index
Completed in 8ms (View: 4, DB: 0) | 200 OK [http://localhost/topics]


Processing TopicsController#new (for 127.0.0.1 at 2009-06-13 13:53:58) [GET]
Rendering template within layouts/topics
Rendering topics/new
Completed in 10ms (View: 3, DB: 0) | 200 OK [http://localhost/topics/new]


Processing TopicsController#create (for 127.0.0.1 at 2009-06-13 13:54:18) [POST]
  Parameters: {"commit"=>"Create", "authenticity_token"=>"n7FdbNVOAqe05ruJw2U1EvUaJwlg73xBJMi9o+fItAc=", "topic"=>{"title"=>"test topic 2", "description"=>"this is another topic"}}
  [4;36;1mTopic Create (0.4ms)[0m   [0;1mINSERT INTO "topics" ("updated_at", "title", "description", "created_at") VALUES('2009-06-13 20:54:18', 'test topic 2', 'this is another topic', '2009-06-13 20:54:18')[0m
Redirected to http://localhost:3000/topics/2
Completed in 13ms (DB: 0) | 302 Found [http://localhost/topics]


Processing TopicsController#show (for 127.0.0.1 at 2009-06-13 13:54:18) [GET]
  Parameters: {"id"=>"2"}
  [4;35;1mTopic Load (0.3ms)[0m   [0mSELECT * FROM "topics" WHERE ("topics"."id" = 2) [0m
Rendering template within layouts/topics
Rendering topics/show
Completed in 58ms (View: 3, DB: 0) | 200 OK [http://localhost/topics/2]


Processing TopicsController#index (for 127.0.0.1 at 2009-06-13 13:54:19) [GET]
  [4;36;1mTopic Load (0.5ms)[0m   [0;1mSELECT * FROM "topics" [0m
Rendering template within layouts/topics
Rendering topics/index
Completed in 9ms (View: 4, DB: 1) | 200 OK [http://localhost/topics]
